#-----------------------------------------------------------
# Vivado v2017.1 (64-bit)
# SW Build 1846317 on Fri Apr 14 18:55:03 MDT 2017
# IP Build 1846188 on Fri Apr 14 20:52:08 MDT 2017
# Start of session at: Mon Oct 19 14:31:54 2020
# Process ID: 17024
# Current directory: D:/xilinx/uart
# Command line: vivado.exe -gui_launcher_event rodinguilauncherevent7712 D:\xilinx\uart\uart.xpr
# Log file: D:/xilinx/uart/vivado.log
# Journal file: D:/xilinx/uart\vivado.jou
#-----------------------------------------------------------
start_gui
open_project D:/xilinx/uart/uart.xpr
Scanning sources...
Finished scanning sources
INFO: [IP_Flow 19-234] Refreshing IP repositories
INFO: [IP_Flow 19-1704] No user IP repositories specified
INFO: [IP_Flow 19-2313] Loaded Vivado IP repository 'F:/VIVADO/vivado2017/Vivado/2017.1/data/ip'.
open_project: Time (s): cpu = 00:00:18 ; elapsed = 00:00:09 . Memory (MB): peak = 843.098 ; gain = 88.477
update_compile_order -fileset sources_1
exit
INFO: [Common 17-206] Exiting Vivado at Mon Oct 19 15:46:12 2020...
